Arguments: 
  /usr/local/bin/node /usr/local/bin/yarn install

PATH: 
  /usr/local/bin:/usr/bin:/bin:/usr/sbin:/sbin

Yarn version: 
  1.5.1

Node version: 
  8.9.1

Platform: 
  darwin x64

npm manifest: 
  {
    "name": "electron-quick-start",
    "version": "1.0.0",
    "description": "A minimal Electron application",
    "main": "main.js",
    "scripts": {
      "start": "electron ."
    },
    "repository": "https://github.com/electron/electron-quick-start",
    "keywords": [
      "Electron",
      "quick",
      "start",
      "tutorial",
      "demo"
    ],
    "author": "GitHub",
    "license": "CC0-1.0",
    "devDependencies": {
      "electron": "^1.8.4"
    }
  }

yarn manifest: 
  No manifest

Lockfile: 
  No lockfile

Trace: 
  Error: /Users/aoyou/practice-project/electron/node_modules/electron: Command failed.
  Exit code: 1
  Command: sh
  Arguments: -c node install.js
  Directory: /Users/aoyou/practice-project/electron/node_modules/electron
  Output:
  Downloading SHASUMS256.txt
  [>                                            ] 0.0% (0 B/s)
  [1000D[0K[1A[1000D[0K[1A[1000D[0KDownloading SHASUMS256.txt
  Error: connect ETIMEDOUT 54.231.81.56:443
  /Users/aoyou/practice-project/electron/node_modules/electron/install.js:47
    throw err
    ^
  
  Error: connect ETIMEDOUT 54.231.81.56:443
      at Object._errnoException (util.js:1024:11)
      at _exceptionWithHostPort (util.js:1046:20)
      at TCPConnectWrap.afterConnect [as oncomplete] (net.js:1182:14)
      at ProcessTermError.MessageError (/usr/local/lib/node_modules/yarn/lib/cli.js:186:110)
      at new ProcessTermError (/usr/local/lib/node_modules/yarn/lib/cli.js:226:113)
      at ChildProcess.<anonymous> (/usr/local/lib/node_modules/yarn/lib/cli.js:30281:17)
      at emitTwo (events.js:126:13)
      at ChildProcess.emit (events.js:214:7)
      at maybeClose (internal/child_process.js:925:16)
      at Socket.stream.socket.on (internal/child_process.js:346:11)
      at emitOne (events.js:116:13)
      at Socket.emit (events.js:211:7)
      at Pipe._handle.close [as _onclose] (net.js:554:12)
